Manual HTTP/TLS test
Timeout = 10000 ms
Prefix  = http_out

===== HTTP (TCP) =====

=== BLOCKING ===
blocking rc = 0
blocking bytes = 18035
blocking wrote: http_out_http_blocking.bin

=== NONBLOCKING ===
nonblocking: SUCCESS callback fired
nonblocking bytes = 17937
nonblocking wrote: http_out_http_nonblocking.bin

===== HTTPS (TLS) =====

=== BLOCKING ===
blocking rc = 0
blocking bytes = 324
blocking wrote: http_out_https_blocking.bin

=== NONBLOCKING ===
nonblocking: SUCCESS callback fired
nonblocking bytes = 324
nonblocking wrote: http_out_https_nonblocking.bin
